<?xml version="1.0" encoding="UTF-8"?>
<!-- Generated by org.testng.reporters.JUnitReportReporter -->
<testsuite hostname="USHYDNAGMANASA3" failures="0" tests="13" name="flightSearchAutomationTest.FlightSearch" time="20.083" errors="0" timestamp="2023-05-25T09:46:51 IST" skipped="0">
  <testcase classname="flightSearchAutomationTest.FlightSearch" name="testPopup" time="2.808"/>
  <system-out/>
  <testcase classname="flightSearchAutomationTest.FlightSearch" name="testDetails" time="0.068"/>
  <system-out/>
  <testcase classname="flightSearchAutomationTest.FlightSearch" name="testHyd" time="0.699"/>
  <system-out/>
  <testcase classname="flightSearchAutomationTest.FlightSearch" name="testDestination" time="0.545"/>
  <system-out/>
  <testcase classname="flightSearchAutomationTest.FlightSearch" name="testPune" time="0.689"/>
  <system-out/>
  <testcase classname="flightSearchAutomationTest.FlightSearch" name="testDeparture" time="0.556"/>
  <system-out/>
  <testcase classname="flightSearchAutomationTest.FlightSearch" name="testDate" time="0.545"/>
  <system-out/>
  <testcase classname="flightSearchAutomationTest.FlightSearch" name="testTraveller" time="0.542"/>
  <system-out/>
  <testcase classname="flightSearchAutomationTest.FlightSearch" name="testEconomy" time="0.603"/>
  <system-out/>
  <testcase classname="flightSearchAutomationTest.FlightSearch" name="testSearch" time="0.557"/>
  <system-out/>
  <testcase classname="flightSearchAutomationTest.FlightSearch" name="testCheckDetails" time="2.588"/>
  <system-out/>
  <testcase classname="flightSearchAutomationTest.FlightSearch" name="testFlightDetails" time="6.279"/>
  <system-out/>
  <testcase classname="flightSearchAutomationTest.FlightSearch" name="CapturingScreenshot" time="3.604"/>
  <system-out/>
</testsuite> <!-- flightSearchAutomationTest.FlightSearch -->
